TN:
SF:src/domain/@shared/events/event-dispatcher.ts
FN:9,get
FN:12,get handlers
FN:16,notify
FN:24,register
FN:32,unregister
FN:44,unregisterAll
FNF:6
FNH:6
FNDA:5,get
FNDA:11,get handlers
FNDA:2,notify
FNDA:6,register
FNDA:1,unregister
FNDA:1,unregisterAll
DA:1,1
DA:2,1
DA:3,1
DA:4,1
DA:5,1
DA:6,1
DA:7,1
DA:8,1
DA:9,1
DA:10,1
DA:11,1
DA:12,1
DA:13,11
DA:14,11
DA:15,1
DA:16,1
DA:17,2
DA:18,2
DA:19,2
DA:20,2
DA:21,2
DA:22,2
DA:23,1
DA:24,1
DA:25,6
DA:26,5
DA:27,5
DA:28,6
DA:29,6
DA:30,6
DA:31,1
DA:32,1
DA:33,1
DA:34,0
DA:35,0
DA:36,1
DA:37,1
DA:38,1
DA:39,1
DA:40,1
DA:41,1
DA:42,1
DA:43,1
DA:44,1
DA:45,1
DA:46,1
DA:47,1
LF:47
LH:45
BRDA:9,0,0,5
BRDA:12,1,0,11
BRDA:16,2,0,2
BRDA:20,3,0,3
BRDA:24,4,0,6
BRDA:25,5,0,5
BRDA:32,6,0,1
BRDA:33,7,0,0
BRDA:44,8,0,1
BRF:9
BRH:8
end_of_record
TN:
SF:src/domain/checkout/order/aggregates/order_item.aggregate.ts
FN:1,get
FN:22,get id
FN:26,get name
FN:30,get price
FN:34,get productId
FN:38,get quantity
FN:8,OrderItem
FNF:7
FNH:7
FNDA:20,get
FNDA:7,get id
FNDA:7,get name
FNDA:46,get price
FNDA:7,get productId
FNDA:63,get quantity
FNDA:20,OrderItem
DA:1,1
DA:2,1
DA:3,1
DA:4,1
DA:5,1
DA:6,1
DA:7,1
DA:8,1
DA:9,20
DA:10,20
DA:11,20
DA:12,20
DA:13,20
DA:14,20
DA:15,20
DA:16,20
DA:17,20
DA:18,20
DA:19,20
DA:20,20
DA:21,1
DA:22,1
DA:23,7
DA:24,7
DA:25,1
DA:26,1
DA:27,7
DA:28,7
DA:29,1
DA:30,1
DA:31,46
DA:32,46
DA:33,1
DA:34,1
DA:35,7
DA:36,7
DA:37,1
DA:38,1
DA:39,63
DA:40,63
DA:41,1
LF:41
LH:41
BRDA:1,0,0,20
BRDA:22,1,0,7
BRDA:26,2,0,7
BRDA:30,3,0,46
BRDA:34,4,0,7
BRDA:38,5,0,63
BRDA:8,6,0,20
BRF:7
BRH:7
end_of_record
TN:
SF:src/domain/checkout/order/entity/order.entity.ts
FN:3,get
FN:17,get id
FN:21,get customerId
FN:25,get items
FN:29,validate
FN:47,addItem
FN:51,total
FN:9,Order
FNF:8
FNH:8
FNDA:17,get
FNDA:18,get id
FNDA:6,get customerId
FNDA:7,get items
FNDA:17,validate
FNDA:1,addItem
FNDA:32,total
FNDA:17,Order
DA:1,1
DA:2,1
DA:3,1
DA:4,1
DA:5,1
DA:6,1
DA:7,1
DA:8,1
DA:9,1
DA:10,17
DA:11,17
DA:12,17
DA:13,17
DA:14,17
DA:15,17
DA:16,1
DA:17,1
DA:18,18
DA:19,18
DA:20,1
DA:21,1
DA:22,6
DA:23,6
DA:24,1
DA:25,1
DA:26,7
DA:27,7
DA:28,1
DA:29,1
DA:30,17
DA:31,1
DA:32,1
DA:33,16
DA:34,17
DA:35,1
DA:36,1
DA:37,15
DA:38,17
DA:39,1
DA:40,1
DA:41,14
DA:42,17
DA:43,1
DA:44,1
DA:45,17
DA:46,1
DA:47,1
DA:48,1
DA:49,1
DA:50,1
DA:51,1
DA:52,32
DA:53,32
DA:54,32
DA:55,32
DA:56,32
DA:57,1
LF:57
LH:57
BRDA:3,0,0,17
BRDA:17,1,0,18
BRDA:21,2,0,6
BRDA:25,3,0,7
BRDA:29,4,0,17
BRDA:30,5,0,1
BRDA:33,6,0,16
BRDA:34,7,0,1
BRDA:37,8,0,15
BRDA:38,9,0,1
BRDA:41,10,0,14
BRDA:42,11,0,1
BRDA:42,12,0,17
BRDA:47,13,0,1
BRDA:51,14,0,32
BRDA:53,15,0,39
BRDA:9,16,0,17
BRF:17
BRH:17
end_of_record
TN:
SF:src/domain/checkout/order/factory/order.factory.ts
FN:16,get
FN:17,create
FNF:2
FNH:2
FNDA:1,get
FNDA:1,create
DA:1,1
DA:2,1
DA:3,1
DA:4,1
DA:5,1
DA:6,1
DA:7,1
DA:8,1
DA:9,1
DA:10,1
DA:11,1
DA:12,1
DA:13,1
DA:14,1
DA:15,1
DA:16,1
DA:17,1
DA:18,1
DA:19,1
DA:20,1
DA:21,1
DA:22,1
DA:23,1
DA:24,1
DA:25,1
DA:26,1
DA:27,1
DA:28,1
DA:29,1
DA:30,1
DA:31,1
DA:32,1
DA:33,1
LF:33
LH:33
BRDA:16,0,0,1
BRDA:17,1,0,1
BRDA:19,2,0,1
BRF:3
BRH:3
end_of_record
TN:
SF:src/domain/checkout/order/services/order.service.ts
FN:7,get
FN:8,total
FN:12,placeOrder
FNF:3
FNH:3
FNDA:3,get
FNDA:1,total
FNDA:2,placeOrder
DA:1,1
DA:2,1
DA:3,1
DA:4,1
DA:5,1
DA:6,1
DA:7,1
DA:8,1
DA:9,1
DA:10,1
DA:11,1
DA:12,1
DA:13,2
DA:14,1
DA:15,1
DA:16,1
DA:17,1
DA:18,1
DA:19,1
DA:20,1
DA:21,1
DA:22,1
LF:22
LH:22
BRDA:7,0,0,3
BRDA:8,1,0,1
BRDA:9,2,0,2
BRDA:12,3,0,2
BRDA:13,4,0,1
BRF:5
BRH:5
end_of_record
TN:
SF:src/domain/customer/entity/costumer.entity.ts
FN:3,get
FN:16,validate
FN:26,activate
FN:34,deactivate
FN:38,changeName
FN:43,changeAddress
FN:47,isActive
FN:51,addRewardPoints
FN:55,get name
FN:59,get id
FN:63,get active
FN:67,get rewardPoints
FN:71,get address
FN:75,set address
FN:10,Customer
FNF:15
FNH:15
FNDA:40,get
FNDA:44,validate
FNDA:2,activate
FNDA:1,deactivate
FNDA:4,changeName
FNDA:24,changeAddress
FNDA:18,isActive
FNDA:7,addRewardPoints
FNDA:36,get name
FNDA:54,get id
FNDA:3,get active
FNDA:23,get rewardPoints
FNDA:122,get address
FNDA:6,set address
FNDA:40,Customer
DA:1,1
DA:2,1
DA:3,1
DA:4,1
DA:5,1
DA:6,1
DA:7,1
DA:8,1
DA:9,1
DA:10,1
DA:11,40
DA:12,40
DA:13,40
DA:14,40
DA:15,1
DA:16,1
DA:17,44
DA:18,1
DA:19,1
DA:20,43
DA:21,44
DA:22,2
DA:23,2
DA:24,44
DA:25,1
DA:26,1
DA:27,2
DA:28,1
DA:29,1
DA:30,1
DA:31,1
DA:32,1
DA:33,1
DA:34,1
DA:35,1
DA:36,1
DA:37,1
DA:38,1
DA:39,4
DA:40,4
DA:41,4
DA:42,1
DA:43,1
DA:44,24
DA:45,24
DA:46,1
DA:47,1
DA:48,18
DA:49,18
DA:50,1
DA:51,1
DA:52,7
DA:53,7
DA:54,1
DA:55,1
DA:56,36
DA:57,36
DA:58,1
DA:59,1
DA:60,54
DA:61,54
DA:62,1
DA:63,1
DA:64,3
DA:65,3
DA:66,1
DA:67,1
DA:68,23
DA:69,23
DA:70,1
DA:71,1
DA:72,122
DA:73,122
DA:74,1
DA:75,1
DA:76,6
DA:77,6
DA:78,1
LF:78
LH:78
BRDA:3,0,0,40
BRDA:16,1,0,44
BRDA:17,2,0,1
BRDA:20,3,0,43
BRDA:21,4,0,2
BRDA:26,5,0,2
BRDA:27,6,0,1
BRDA:34,7,0,1
BRDA:38,8,0,4
BRDA:43,9,0,24
BRDA:47,10,0,18
BRDA:51,11,0,7
BRDA:55,12,0,36
BRDA:59,13,0,54
BRDA:63,14,0,3
BRDA:67,15,0,23
BRDA:71,16,0,122
BRDA:75,17,0,6
BRDA:10,18,0,40
BRF:19
BRH:19
end_of_record
TN:
SF:src/domain/customer/events/customer-created.event.ts
FN:3,get
FN:7,CustomerCreatedEvent
FNF:2
FNH:2
FNDA:1,get
FNDA:1,CustomerCreatedEvent
DA:1,1
DA:2,1
DA:3,1
DA:4,1
DA:5,1
DA:6,1
DA:7,1
DA:8,1
DA:9,1
DA:10,1
DA:11,1
LF:11
LH:11
BRDA:3,0,0,1
BRDA:7,1,0,1
BRF:2
BRH:2
end_of_record
TN:
SF:src/domain/customer/events/handlers/log-log-1.handler.ts
FN:4,get
FN:5,handle
FNF:2
FNH:2
FNDA:1,get
FNDA:1,handle
DA:1,1
DA:2,1
DA:3,1
DA:4,1
DA:5,1
DA:6,1
DA:7,1
DA:8,1
LF:8
LH:8
BRDA:4,0,0,1
BRDA:5,1,0,1
BRF:2
BRH:2
end_of_record
TN:
SF:src/domain/customer/events/handlers/log-log-2.handler.ts
FN:4,get
FN:5,handle
FNF:2
FNH:2
FNDA:1,get
FNDA:1,handle
DA:1,1
DA:2,1
DA:3,1
DA:4,1
DA:5,1
DA:6,1
DA:7,1
DA:8,1
LF:8
LH:8
BRDA:4,0,0,1
BRDA:5,1,0,1
BRF:2
BRH:2
end_of_record
TN:
SF:src/domain/customer/factory/customer.factory.ts
FN:5,get
FN:6,create
FN:10,createWithAddress
FNF:3
FNH:3
FNDA:14,get
FNDA:1,create
FNDA:12,createWithAddress
DA:1,1
DA:2,1
DA:3,1
DA:4,1
DA:5,1
DA:6,1
DA:7,1
DA:8,1
DA:9,1
DA:10,1
DA:11,12
DA:12,12
DA:13,12
DA:14,12
DA:15,1
LF:15
LH:15
BRDA:5,0,0,14
BRDA:6,1,0,1
BRDA:10,2,0,12
BRF:3
BRH:3
end_of_record
TN:
SF:src/domain/customer/object-values/address/address.ov.ts
FN:1,get
FN:16,validate
FN:31,get street
FN:35,get number
FN:39,get city
FN:43,get zip
FN:47,getAddressPtBR
FN:7,Address
FNF:8
FNH:8
FNDA:33,get
FNDA:33,validate
FNDA:33,get street
FNDA:33,get number
FNDA:33,get city
FNDA:33,get zip
FNDA:1,getAddressPtBR
FNDA:33,Address
DA:1,1
DA:2,1
DA:3,1
DA:4,1
DA:5,1
DA:6,1
DA:7,1
DA:8,33
DA:9,33
DA:10,33
DA:11,33
DA:12,33
DA:13,33
DA:14,33
DA:15,1
DA:16,1
DA:17,33
DA:18,1
DA:19,1
DA:20,33
DA:21,0
DA:22,0
DA:23,33
DA:24,0
DA:25,0
DA:26,33
DA:27,0
DA:28,0
DA:29,33
DA:30,1
DA:31,1
DA:32,33
DA:33,33
DA:34,1
DA:35,1
DA:36,33
DA:37,33
DA:38,1
DA:39,1
DA:40,33
DA:41,33
DA:42,1
DA:43,1
DA:44,33
DA:45,33
DA:46,1
DA:47,1
DA:48,1
DA:49,1
DA:50,1
LF:50
LH:44
BRDA:1,0,0,33
BRDA:16,1,0,33
BRDA:17,2,0,1
BRDA:20,3,0,32
BRDA:20,4,0,0
BRDA:23,5,0,32
BRDA:23,6,0,0
BRDA:26,7,0,32
BRDA:26,8,0,0
BRDA:31,9,0,33
BRDA:35,10,0,33
BRDA:39,11,0,33
BRDA:43,12,0,33
BRDA:47,13,0,1
BRDA:7,14,0,33
BRF:15
BRH:12
end_of_record
TN:
SF:src/domain/product/entity/ProductA/product.entity.ts
FN:3,get
FN:15,validate
FN:29,changeName
FN:34,changePrice
FN:39,get id
FN:43,get name
FN:47,get price
FN:8,ProductA
FNF:8
FNH:8
FNDA:31,get
FNDA:39,validate
FNDA:3,changeName
FNDA:5,changePrice
FNDA:34,get id
FNDA:31,get name
FNDA:34,get price
FNDA:31,ProductA
DA:1,1
DA:2,1
DA:3,1
DA:4,1
DA:5,1
DA:6,1
DA:7,1
DA:8,1
DA:9,31
DA:10,31
DA:11,31
DA:12,31
DA:13,31
DA:14,1
DA:15,1
DA:16,39
DA:17,1
DA:18,1
DA:19,38
DA:20,39
DA:21,2
DA:22,2
DA:23,36
DA:24,39
DA:25,2
DA:26,2
DA:27,39
DA:28,1
DA:29,1
DA:30,3
DA:31,3
DA:32,3
DA:33,1
DA:34,1
DA:35,5
DA:36,5
DA:37,5
DA:38,1
DA:39,1
DA:40,34
DA:41,34
DA:42,1
DA:43,1
DA:44,31
DA:45,31
DA:46,1
DA:47,1
DA:48,34
DA:49,34
DA:50,1
LF:50
LH:50
BRDA:3,0,0,31
BRDA:15,1,0,39
BRDA:16,2,0,1
BRDA:19,3,0,38
BRDA:20,4,0,2
BRDA:23,5,0,36
BRDA:24,6,0,2
BRDA:29,7,0,3
BRDA:34,8,0,5
BRDA:39,9,0,34
BRDA:43,10,0,31
BRDA:47,11,0,34
BRDA:8,12,0,31
BRF:13
BRH:13
end_of_record
TN:
SF:src/domain/product/entity/ProductB/product.entity.ts
FN:3,get
FN:15,validate
FN:29,changeName
FN:34,changePrice
FN:39,get id
FN:43,get name
FN:47,get price
FN:8,ProductB
FNF:8
FNH:6
FNDA:2,get
FNDA:2,validate
FNDA:0,changeName
FNDA:0,changePrice
FNDA:3,get id
FNDA:3,get name
FNDA:3,get price
FNDA:2,ProductB
DA:1,1
DA:2,1
DA:3,1
DA:4,1
DA:5,1
DA:6,1
DA:7,1
DA:8,1
DA:9,2
DA:10,2
DA:11,2
DA:12,2
DA:13,2
DA:14,1
DA:15,1
DA:16,2
DA:17,0
DA:18,0
DA:19,2
DA:20,2
DA:21,0
DA:22,0
DA:23,2
DA:24,2
DA:25,0
DA:26,0
DA:27,2
DA:28,1
DA:29,1
DA:30,0
DA:31,0
DA:32,0
DA:33,1
DA:34,1
DA:35,0
DA:36,0
DA:37,0
DA:38,1
DA:39,1
DA:40,3
DA:41,3
DA:42,1
DA:43,1
DA:44,3
DA:45,3
DA:46,1
DA:47,1
DA:48,3
DA:49,3
DA:50,1
LF:50
LH:38
BRDA:3,0,0,2
BRDA:15,1,0,2
BRDA:16,2,0,0
BRDA:20,3,0,0
BRDA:24,4,0,0
BRDA:39,5,0,3
BRDA:43,6,0,3
BRDA:47,7,0,3
BRDA:8,8,0,2
BRF:9
BRH:6
end_of_record
TN:
SF:src/domain/product/events/product-created.event.ts
FN:3,get
FN:7,ProductCreatedEvent
FNF:2
FNH:2
FNDA:1,get
FNDA:1,ProductCreatedEvent
DA:1,1
DA:2,1
DA:3,1
DA:4,1
DA:5,1
DA:6,1
DA:7,1
DA:8,1
DA:9,1
DA:10,1
DA:11,1
LF:11
LH:11
BRDA:3,0,0,1
BRDA:7,1,0,1
BRF:2
BRH:2
end_of_record
TN:
SF:src/domain/product/events/handlers/send-email-when-product-created.handler.ts
FN:4,get
FN:7,handle
FNF:2
FNH:2
FNDA:4,get
FNDA:1,handle
DA:1,1
DA:2,1
DA:3,1
DA:4,1
DA:5,1
DA:6,1
DA:7,1
DA:8,1
DA:9,1
DA:10,1
LF:10
LH:10
BRDA:4,0,0,4
BRDA:7,1,0,1
BRF:2
BRH:2
end_of_record
TN:
SF:src/domain/product/factory/product.factory.ts
FN:5,get
FN:6,create
FNF:2
FNH:2
FNDA:11,get
FNDA:11,create
DA:1,1
DA:2,1
DA:3,1
DA:4,1
DA:5,1
DA:6,1
DA:7,11
DA:8,11
DA:9,8
DA:10,11
DA:11,2
DA:12,11
DA:13,1
DA:14,11
DA:15,11
DA:16,1
LF:16
LH:16
BRDA:5,0,0,11
BRDA:6,1,0,11
BRDA:8,2,0,8
BRDA:10,3,0,2
BRDA:12,4,0,1
BRF:5
BRH:5
end_of_record
TN:
SF:src/domain/product/services/product.service.ts
FN:3,get
FN:4,increasePrice
FNF:2
FNH:2
FNDA:1,get
FNDA:1,increasePrice
DA:1,1
DA:2,1
DA:3,1
DA:4,1
DA:5,1
DA:6,2
DA:7,1
DA:8,1
DA:9,1
DA:10,1
DA:11,1
LF:11
LH:11
BRDA:3,0,0,1
BRDA:4,1,0,1
BRDA:5,2,0,2
BRF:3
BRH:3
end_of_record
TN:
SF:src/infra/customer/sequelize/model/costumer.model.ts
FN:7,get
FNF:1
FNH:1
FNDA:64,get
DA:1,1
DA:2,1
DA:3,1
DA:4,1
DA:5,1
DA:6,1
DA:7,1
DA:8,1
DA:9,1
DA:10,1
DA:11,1
DA:12,1
DA:13,1
DA:14,1
DA:15,1
DA:16,1
DA:17,1
DA:18,1
DA:19,1
DA:20,1
DA:21,1
DA:22,1
DA:23,1
DA:24,1
DA:25,1
DA:26,1
DA:27,1
DA:28,1
DA:29,1
DA:30,1
DA:31,1
DA:32,1
DA:33,1
DA:34,1
DA:35,1
DA:36,1
DA:37,1
DA:38,1
DA:39,1
DA:40,1
DA:41,1
DA:42,1
DA:43,1
DA:44,1
DA:45,1
DA:46,1
LF:46
LH:46
BRDA:7,0,0,64
BRF:1
BRH:1
end_of_record
TN:
SF:src/infra/customer/sequelize/repository/customer.repository.ts
FN:6,get
FN:7,create
FN:20,update
FN:40,find
FN:68,findAll
FNF:5
FNH:5
FNDA:13,get
FNDA:14,create
FNDA:2,update
FNDA:4,find
FNDA:2,findAll
DA:1,1
DA:2,1
DA:3,1
DA:4,1
DA:5,1
DA:6,1
DA:7,1
DA:8,14
DA:9,14
DA:10,14
DA:11,14
DA:12,14
DA:13,14
DA:14,14
DA:15,14
DA:16,14
DA:17,14
DA:18,14
DA:19,1
DA:20,1
DA:21,2
DA:22,2
DA:23,2
DA:24,2
DA:25,2
DA:26,2
DA:27,2
DA:28,2
DA:29,2
DA:30,2
DA:31,2
DA:32,2
DA:33,2
DA:34,2
DA:35,2
DA:36,2
DA:37,2
DA:38,2
DA:39,1
DA:40,1
DA:41,4
DA:42,4
DA:43,4
DA:44,4
DA:45,4
DA:46,4
DA:47,4
DA:48,4
DA:49,4
DA:50,3
DA:51,1
DA:52,1
DA:53,3
DA:54,3
DA:55,3
DA:56,3
DA:57,3
DA:58,3
DA:59,3
DA:60,3
DA:61,3
DA:62,3
DA:63,3
DA:64,3
DA:65,3
DA:66,3
DA:67,1
DA:68,1
DA:69,2
DA:70,2
DA:71,2
DA:72,4
DA:73,4
DA:74,4
DA:75,4
DA:76,4
DA:77,4
DA:78,4
DA:79,4
DA:80,4
DA:81,4
DA:82,4
DA:83,4
DA:84,4
DA:85,0
DA:86,0
DA:87,4
DA:88,4
DA:89,2
DA:90,2
DA:91,2
DA:92,2
DA:93,1
LF:93
LH:91
BRDA:6,0,0,13
BRDA:7,1,0,14
BRDA:20,2,0,2
BRDA:40,3,0,4
BRDA:50,4,0,3
BRDA:50,5,0,1
BRDA:68,6,0,2
BRDA:71,7,0,4
BRDA:84,8,0,0
BRF:9
BRH:8
end_of_record
TN:
SF:src/infra/order/sequelize/model/order-item.model.ts
FN:17,get
FNF:1
FNH:1
FNDA:33,get
DA:1,1
DA:2,1
DA:3,1
DA:4,1
DA:5,1
DA:6,1
DA:7,1
DA:8,1
DA:9,1
DA:10,1
DA:11,1
DA:12,1
DA:13,1
DA:14,1
DA:15,1
DA:16,1
DA:17,1
DA:18,1
DA:19,1
DA:20,1
DA:21,1
DA:22,1
DA:23,1
DA:24,1
DA:25,1
DA:26,1
DA:27,1
DA:28,1
DA:29,1
DA:30,1
DA:31,1
DA:32,1
DA:33,1
DA:34,1
DA:35,1
DA:36,1
DA:37,1
DA:38,1
DA:39,1
DA:40,1
DA:41,1
DA:42,1
DA:43,1
DA:44,1
DA:45,1
DA:46,1
DA:47,1
DA:48,1
DA:49,1
DA:50,1
LF:50
LH:50
BRDA:34,0,0,0
BRDA:17,1,0,33
BRDA:22,2,0,25
BRDA:26,3,0,10
BRDA:29,4,0,10
BRDA:33,5,0,10
BRF:6
BRH:5
end_of_record
TN:
SF:src/infra/order/sequelize/model/order.model.ts
FN:18,get
FNF:1
FNH:1
FNDA:39,get
DA:1,1
DA:2,1
DA:3,1
DA:4,1
DA:5,1
DA:6,1
DA:7,1
DA:8,1
DA:9,1
DA:10,1
DA:11,1
DA:12,1
DA:13,1
DA:14,1
DA:15,1
DA:16,1
DA:17,1
DA:18,1
DA:19,1
DA:20,1
DA:21,1
DA:22,1
DA:23,1
DA:24,1
DA:25,1
DA:26,1
DA:27,1
DA:28,1
DA:29,1
DA:30,1
DA:31,1
DA:32,1
DA:33,1
DA:34,1
DA:35,1
DA:36,1
DA:37,1
LF:37
LH:37
BRDA:18,0,0,39
BRDA:23,1,0,5
BRDA:27,2,0,18
BRDA:30,3,0,18
BRF:4
BRH:4
end_of_record
TN:
SF:src/infra/order/sequelize/repository/order.repository.ts
FN:7,get
FN:8,create
FN:29,update
FN:56,find
FN:89,findAll
FNF:5
FNH:5
FNDA:5,get
FNDA:5,create
FNDA:1,update
FNDA:2,find
FNDA:1,findAll
DA:1,1
DA:2,1
DA:3,1
DA:4,1
DA:5,1
DA:6,1
DA:7,1
DA:8,1
DA:9,5
DA:10,5
DA:11,5
DA:12,5
DA:13,5
DA:14,5
DA:15,5
DA:16,5
DA:17,5
DA:18,5
DA:19,5
DA:20,5
DA:21,5
DA:22,5
DA:23,5
DA:24,5
DA:25,5
DA:26,5
DA:27,5
DA:28,1
DA:29,1
DA:30,1
DA:31,1
DA:32,1
DA:33,1
DA:34,1
DA:35,1
DA:36,1
DA:37,1
DA:38,1
DA:39,2
DA:40,2
DA:41,2
DA:42,2
DA:43,2
DA:44,2
DA:45,1
DA:46,1
DA:47,1
DA:48,1
DA:49,1
DA:50,1
DA:51,1
DA:52,1
DA:53,1
DA:54,1
DA:55,1
DA:56,1
DA:57,2
DA:58,2
DA:59,2
DA:60,2
DA:61,2
DA:62,2
DA:63,2
DA:64,2
DA:65,2
DA:66,2
DA:67,1
DA:68,1
DA:69,1
DA:70,1
DA:71,1
DA:72,1
DA:73,1
DA:74,1
DA:75,1
DA:76,1
DA:77,1
DA:78,1
DA:79,1
DA:80,1
DA:81,1
DA:82,1
DA:83,1
DA:84,1
DA:85,1
DA:86,1
DA:87,1
DA:88,1
DA:89,1
DA:90,1
DA:91,1
DA:92,1
DA:93,1
DA:94,1
DA:95,2
DA:96,2
DA:97,2
DA:98,2
DA:99,2
DA:100,2
DA:101,2
DA:102,2
DA:103,2
DA:104,2
DA:105,2
DA:106,2
DA:107,2
DA:108,2
DA:109,2
DA:110,2
DA:111,1
DA:112,1
DA:113,1
DA:114,1
DA:115,1
LF:115
LH:115
BRDA:7,0,0,5
BRDA:8,1,0,5
BRDA:14,2,0,5
BRDA:29,3,0,1
BRDA:32,4,0,1
BRDA:38,5,0,2
BRDA:56,6,0,2
BRDA:67,7,0,1
BRDA:75,8,0,1
BRDA:89,9,0,1
BRDA:94,10,0,2
BRDA:99,11,0,2
BRF:12
BRH:12
end_of_record
TN:
SF:src/infra/product/sequelize/model/product.model.ts
FN:7,get
FNF:1
FNH:1
FNDA:65,get
DA:1,1
DA:2,1
DA:3,1
DA:4,1
DA:5,1
DA:6,1
DA:7,1
DA:8,1
DA:9,1
DA:10,1
DA:11,1
DA:12,1
DA:13,1
DA:14,1
DA:15,1
DA:16,1
DA:17,1
DA:18,1
DA:19,1
DA:20,1
DA:21,1
LF:21
LH:21
BRDA:7,0,0,65
BRF:1
BRH:1
end_of_record
TN:
SF:src/infra/product/sequelize/repository/product.repository.ts
FN:6,get
FN:7,create
FN:15,update
FN:29,find
FN:39,findAll
FNF:5
FNH:5
FNDA:9,get
FNDA:10,create
FNDA:1,update
FNDA:2,find
FNDA:1,findAll
DA:1,1
DA:2,1
DA:3,1
DA:4,1
DA:5,1
DA:6,1
DA:7,1
DA:8,10
DA:9,10
DA:10,10
DA:11,10
DA:12,10
DA:13,10
DA:14,1
DA:15,1
DA:16,1
DA:17,1
DA:18,1
DA:19,1
DA:20,1
DA:21,1
DA:22,1
DA:23,1
DA:24,1
DA:25,1
DA:26,1
DA:27,1
DA:28,1
DA:29,1
DA:30,2
DA:31,2
DA:32,2
DA:33,2
DA:34,2
DA:35,2
DA:36,2
DA:37,2
DA:38,1
DA:39,1
DA:40,1
DA:41,1
DA:42,1
DA:43,1
DA:44,1
DA:45,1
DA:46,1
LF:46
LH:46
BRDA:6,0,0,9
BRDA:7,1,0,10
BRDA:15,2,0,1
BRDA:29,3,0,2
BRDA:39,4,0,1
BRDA:43,5,0,2
BRF:6
BRH:6
end_of_record
TN:
SF:src/use-cases/customer/create/create-customer.use-case.ts
FN:8,get
FN:15,execute
FN:11,CreateCustomerUseCase
FNF:3
FNH:3
FNDA:4,get
FNDA:4,execute
FNDA:4,CreateCustomerUseCase
DA:1,1
DA:2,1
DA:3,1
DA:4,1
DA:5,1
DA:6,1
DA:7,1
DA:8,1
DA:9,1
DA:10,1
DA:11,1
DA:12,4
DA:13,4
DA:14,1
DA:15,1
DA:16,4
DA:17,4
DA:18,4
DA:19,4
DA:20,4
DA:21,4
DA:22,4
DA:23,4
DA:24,4
DA:25,4
DA:26,4
DA:27,2
DA:28,2
DA:29,2
DA:30,2
DA:31,2
DA:32,2
DA:33,2
DA:34,2
DA:35,2
DA:36,2
DA:37,2
DA:38,2
DA:39,1
LF:39
LH:39
BRDA:8,0,0,4
BRDA:15,1,0,4
BRDA:27,2,0,2
BRDA:11,3,0,4
BRF:4
BRH:4
end_of_record
TN:
SF:src/use-cases/customer/find/find-customer.use-case.ts
FN:4,get
FN:11,execute
FN:7,FindCustomerUseCase
FNF:3
FNH:3
FNDA:3,get
FNDA:3,execute
FNDA:3,FindCustomerUseCase
DA:1,1
DA:2,1
DA:3,1
DA:4,1
DA:5,1
DA:6,1
DA:7,1
DA:8,3
DA:9,3
DA:10,1
DA:11,1
DA:12,3
DA:13,2
DA:14,2
DA:15,2
DA:16,2
DA:17,2
DA:18,2
DA:19,2
DA:20,2
DA:21,2
DA:22,2
DA:23,2
DA:24,2
DA:25,1
LF:25
LH:25
BRDA:4,0,0,3
BRDA:11,1,0,3
BRDA:13,2,0,2
BRDA:7,3,0,3
BRF:4
BRH:4
end_of_record
TN:
SF:src/use-cases/customer/list/list-customers.use-case.ts
FN:8,get
FN:15,execute
FN:11,ListCustomersUseCase
FN:23,toOutput
FNF:4
FNH:4
FNDA:2,get
FNDA:2,execute
FNDA:2,ListCustomersUseCase
FNDA:2,toOutput
DA:1,1
DA:2,1
DA:3,1
DA:4,1
DA:5,1
DA:6,1
DA:7,1
DA:8,1
DA:9,1
DA:10,1
DA:11,1
DA:12,2
DA:13,2
DA:14,1
DA:15,1
DA:16,2
DA:17,2
DA:18,2
DA:19,2
DA:20,1
DA:21,1
DA:22,1
DA:23,1
DA:24,2
DA:25,2
DA:26,4
DA:27,4
DA:28,4
DA:29,4
DA:30,4
DA:31,4
DA:32,4
DA:33,4
DA:34,2
DA:35,2
DA:36,2
DA:37,1
LF:37
LH:37
BRDA:8,0,0,2
BRDA:15,1,0,2
BRDA:11,2,0,2
BRDA:23,3,0,2
BRDA:25,4,0,4
BRF:5
BRH:5
end_of_record
TN:
SF:src/use-cases/customer/update/update-customer.use-case.ts
FN:6,get
FN:13,execute
FN:9,UpdateCustomerUseCase
FNF:3
FNH:3
FNDA:2,get
FNDA:2,execute
FNDA:2,UpdateCustomerUseCase
DA:1,1
DA:2,1
DA:3,1
DA:4,1
DA:5,1
DA:6,1
DA:7,1
DA:8,1
DA:9,1
DA:10,2
DA:11,2
DA:12,1
DA:13,1
DA:14,2
DA:15,2
DA:16,2
DA:17,2
DA:18,2
DA:19,2
DA:20,2
DA:21,2
DA:22,2
DA:23,2
DA:24,2
DA:25,2
DA:26,2
DA:27,2
DA:28,2
DA:29,2
DA:30,2
DA:31,2
DA:32,2
DA:33,2
DA:34,2
DA:35,2
DA:36,2
DA:37,2
DA:38,2
DA:39,2
DA:40,1
LF:40
LH:40
BRDA:6,0,0,2
BRDA:13,1,0,2
BRDA:9,2,0,2
BRF:3
BRH:3
end_of_record
TN:
SF:src/use-cases/product/create/create-product.use-case.ts
FN:5,get
FN:12,execute
FN:8,CreateProductUseCase
FNF:3
FNH:3
FNDA:3,get
FNDA:3,execute
FNDA:3,CreateProductUseCase
DA:1,1
DA:2,1
DA:3,1
DA:4,1
DA:5,1
DA:6,1
DA:7,1
DA:8,1
DA:9,3
DA:10,3
DA:11,1
DA:12,1
DA:13,3
DA:14,3
DA:15,3
DA:16,1
DA:17,1
DA:18,1
DA:19,1
DA:20,1
DA:21,1
DA:22,1
DA:23,1
LF:23
LH:23
BRDA:5,0,0,3
BRDA:12,1,0,3
BRDA:16,2,0,1
BRDA:8,3,0,3
BRF:4
BRH:4
end_of_record
TN:
SF:src/use-cases/product/find/find-product.use-case.ts
FN:4,get
FN:11,execute
FN:7,FindProductUseCase
FNF:3
FNH:3
FNDA:3,get
FNDA:3,execute
FNDA:3,FindProductUseCase
DA:1,1
DA:2,1
DA:3,1
DA:4,1
DA:5,1
DA:6,1
DA:7,1
DA:8,3
DA:9,3
DA:10,1
DA:11,1
DA:12,3
DA:13,2
DA:14,2
DA:15,2
DA:16,2
DA:17,2
DA:18,2
DA:19,2
DA:20,1
LF:20
LH:20
BRDA:4,0,0,3
BRDA:11,1,0,3
BRDA:13,2,0,2
BRDA:7,3,0,3
BRF:4
BRH:4
end_of_record
TN:
SF:src/use-cases/product/list/list-customers.use-case.ts
FN:8,get
FN:15,execute
FN:11,ListProductsUseCase
FN:23,toOutput
FNF:4
FNH:4
FNDA:1,get
FNDA:1,execute
FNDA:1,ListProductsUseCase
FNDA:1,toOutput
DA:1,1
DA:2,1
DA:3,1
DA:4,1
DA:5,1
DA:6,1
DA:7,1
DA:8,1
DA:9,1
DA:10,1
DA:11,1
DA:12,1
DA:13,1
DA:14,1
DA:15,1
DA:16,1
DA:17,1
DA:18,1
DA:19,1
DA:20,1
DA:21,1
DA:22,1
DA:23,1
DA:24,1
DA:25,1
DA:26,2
DA:27,2
DA:28,2
DA:29,1
DA:30,1
DA:31,1
DA:32,1
LF:32
LH:32
BRDA:8,0,0,1
BRDA:15,1,0,1
BRDA:11,2,0,1
BRDA:23,3,0,1
BRDA:25,4,0,2
BRF:5
BRH:5
end_of_record
TN:
SF:src/use-cases/product/update/update-product.use-case.ts
FN:4,get
FN:11,execute
FN:7,UpdateProductUseCase
FNF:3
FNH:3
FNDA:1,get
FNDA:1,execute
FNDA:1,UpdateProductUseCase
DA:1,1
DA:2,1
DA:3,1
DA:4,1
DA:5,1
DA:6,1
DA:7,1
DA:8,1
DA:9,1
DA:10,1
DA:11,1
DA:12,1
DA:13,1
DA:14,1
DA:15,1
DA:16,1
DA:17,1
DA:18,1
DA:19,1
DA:20,1
DA:21,1
DA:22,1
DA:23,1
DA:24,1
DA:25,1
LF:25
LH:25
BRDA:4,0,0,1
BRDA:11,1,0,1
BRDA:7,2,0,1
BRF:3
BRH:3
end_of_record
