TN:
SF:src/domain/@shared/events/event-dispatcher.ts
FN:9,get
FN:12,get handlers
FN:16,notify
FN:24,register
FN:32,unregister
FN:44,unregisterAll
FNF:6
FNH:6
FNDA:5,get
FNDA:11,get handlers
FNDA:2,notify
FNDA:6,register
FNDA:1,unregister
FNDA:1,unregisterAll
DA:1,1
DA:2,1
DA:3,1
DA:4,1
DA:5,1
DA:6,1
DA:7,1
DA:8,1
DA:9,1
DA:10,1
DA:11,1
DA:12,1
DA:13,11
DA:14,11
DA:15,1
DA:16,1
DA:17,2
DA:18,2
DA:19,2
DA:20,2
DA:21,2
DA:22,2
DA:23,1
DA:24,1
DA:25,6
DA:26,5
DA:27,5
DA:28,6
DA:29,6
DA:30,6
DA:31,1
DA:32,1
DA:33,1
DA:34,0
DA:35,0
DA:36,1
DA:37,1
DA:38,1
DA:39,1
DA:40,1
DA:41,1
DA:42,1
DA:43,1
DA:44,1
DA:45,1
DA:46,1
DA:47,1
LF:47
LH:45
BRDA:9,0,0,5
BRDA:12,1,0,11
BRDA:16,2,0,2
BRDA:20,3,0,3
BRDA:24,4,0,6
BRDA:25,5,0,5
BRDA:32,6,0,1
BRDA:33,7,0,0
BRDA:44,8,0,1
BRF:9
BRH:8
end_of_record
TN:
SF:src/domain/checkout/order/aggregates/order_item.aggregate.ts
FN:1,get
FN:22,get id
FN:26,get name
FN:30,get price
FN:34,get productId
FN:38,get quantity
FN:8,OrderItem
FNF:7
FNH:7
FNDA:20,get
FNDA:7,get id
FNDA:7,get name
FNDA:46,get price
FNDA:7,get productId
FNDA:63,get quantity
FNDA:20,OrderItem
DA:1,1
DA:2,1
DA:3,1
DA:4,1
DA:5,1
DA:6,1
DA:7,1
DA:8,1
DA:9,20
DA:10,20
DA:11,20
DA:12,20
DA:13,20
DA:14,20
DA:15,20
DA:16,20
DA:17,20
DA:18,20
DA:19,20
DA:20,20
DA:21,1
DA:22,1
DA:23,7
DA:24,7
DA:25,1
DA:26,1
DA:27,7
DA:28,7
DA:29,1
DA:30,1
DA:31,46
DA:32,46
DA:33,1
DA:34,1
DA:35,7
DA:36,7
DA:37,1
DA:38,1
DA:39,63
DA:40,63
DA:41,1
LF:41
LH:41
BRDA:1,0,0,20
BRDA:22,1,0,7
BRDA:26,2,0,7
BRDA:30,3,0,46
BRDA:34,4,0,7
BRDA:38,5,0,63
BRDA:8,6,0,20
BRF:7
BRH:7
end_of_record
TN:
SF:src/domain/checkout/order/entity/order.entity.ts
FN:3,get
FN:17,get id
FN:21,get customerId
FN:25,get items
FN:29,validate
FN:47,addItem
FN:51,total
FN:9,Order
FNF:8
FNH:8
FNDA:17,get
FNDA:18,get id
FNDA:6,get customerId
FNDA:7,get items
FNDA:17,validate
FNDA:1,addItem
FNDA:32,total
FNDA:17,Order
DA:1,1
DA:2,1
DA:3,1
DA:4,1
DA:5,1
DA:6,1
DA:7,1
DA:8,1
DA:9,1
DA:10,17
DA:11,17
DA:12,17
DA:13,17
DA:14,17
DA:15,17
DA:16,1
DA:17,1
DA:18,18
DA:19,18
DA:20,1
DA:21,1
DA:22,6
DA:23,6
DA:24,1
DA:25,1
DA:26,7
DA:27,7
DA:28,1
DA:29,1
DA:30,17
DA:31,1
DA:32,1
DA:33,16
DA:34,17
DA:35,1
DA:36,1
DA:37,15
DA:38,17
DA:39,1
DA:40,1
DA:41,14
DA:42,17
DA:43,1
DA:44,1
DA:45,17
DA:46,1
DA:47,1
DA:48,1
DA:49,1
DA:50,1
DA:51,1
DA:52,32
DA:53,32
DA:54,32
DA:55,32
DA:56,32
DA:57,1
LF:57
LH:57
BRDA:3,0,0,17
BRDA:17,1,0,18
BRDA:21,2,0,6
BRDA:25,3,0,7
BRDA:29,4,0,17
BRDA:30,5,0,1
BRDA:33,6,0,16
BRDA:34,7,0,1
BRDA:37,8,0,15
BRDA:38,9,0,1
BRDA:41,10,0,14
BRDA:42,11,0,1
BRDA:42,12,0,17
BRDA:47,13,0,1
BRDA:51,14,0,32
BRDA:53,15,0,39
BRDA:9,16,0,17
BRF:17
BRH:17
end_of_record
TN:
SF:src/domain/checkout/order/factory/order.factory.ts
FN:16,get
FN:17,create
FNF:2
FNH:2
FNDA:1,get
FNDA:1,create
DA:1,1
DA:2,1
DA:3,1
DA:4,1
DA:5,1
DA:6,1
DA:7,1
DA:8,1
DA:9,1
DA:10,1
DA:11,1
DA:12,1
DA:13,1
DA:14,1
DA:15,1
DA:16,1
DA:17,1
DA:18,1
DA:19,1
DA:20,1
DA:21,1
DA:22,1
DA:23,1
DA:24,1
DA:25,1
DA:26,1
DA:27,1
DA:28,1
DA:29,1
DA:30,1
DA:31,1
DA:32,1
DA:33,1
LF:33
LH:33
BRDA:16,0,0,1
BRDA:17,1,0,1
BRDA:19,2,0,1
BRF:3
BRH:3
end_of_record
TN:
SF:src/domain/checkout/order/services/order.service.ts
FN:7,get
FN:8,total
FN:12,placeOrder
FNF:3
FNH:3
FNDA:3,get
FNDA:1,total
FNDA:2,placeOrder
DA:1,1
DA:2,1
DA:3,1
DA:4,1
DA:5,1
DA:6,1
DA:7,1
DA:8,1
DA:9,1
DA:10,1
DA:11,1
DA:12,1
DA:13,2
DA:14,1
DA:15,1
DA:16,1
DA:17,1
DA:18,1
DA:19,1
DA:20,1
DA:21,1
DA:22,1
LF:22
LH:22
BRDA:7,0,0,3
BRDA:8,1,0,1
BRDA:9,2,0,2
BRDA:12,3,0,2
BRDA:13,4,0,1
BRF:5
BRH:5
end_of_record
TN:
SF:src/domain/customer/entity/costumer.entity.ts
FN:3,get
FN:16,validate
FN:26,activate
FN:34,deactivate
FN:38,changeName
FN:43,changeAddress
FN:47,isActive
FN:51,addRewardPoints
FN:55,get name
FN:59,get id
FN:63,get active
FN:67,get rewardPoints
FN:71,get address
FN:75,set address
FN:10,Customer
FNF:15
FNH:15
FNDA:25,get
FNDA:27,validate
FNDA:2,activate
FNDA:1,deactivate
FNDA:2,changeName
FNDA:8,changeAddress
FNDA:12,isActive
FNDA:5,addRewardPoints
FNDA:15,get name
FNDA:24,get id
FNDA:3,get active
FNDA:17,get rewardPoints
FNDA:42,get address
FNDA:6,set address
FNDA:25,Customer
DA:1,1
DA:2,1
DA:3,1
DA:4,1
DA:5,1
DA:6,1
DA:7,1
DA:8,1
DA:9,1
DA:10,1
DA:11,25
DA:12,25
DA:13,25
DA:14,25
DA:15,1
DA:16,1
DA:17,27
DA:18,1
DA:19,1
DA:20,26
DA:21,27
DA:22,1
DA:23,1
DA:24,27
DA:25,1
DA:26,1
DA:27,2
DA:28,1
DA:29,1
DA:30,1
DA:31,1
DA:32,1
DA:33,1
DA:34,1
DA:35,1
DA:36,1
DA:37,1
DA:38,1
DA:39,2
DA:40,2
DA:41,2
DA:42,1
DA:43,1
DA:44,8
DA:45,8
DA:46,1
DA:47,1
DA:48,12
DA:49,12
DA:50,1
DA:51,1
DA:52,5
DA:53,5
DA:54,1
DA:55,1
DA:56,15
DA:57,15
DA:58,1
DA:59,1
DA:60,24
DA:61,24
DA:62,1
DA:63,1
DA:64,3
DA:65,3
DA:66,1
DA:67,1
DA:68,17
DA:69,17
DA:70,1
DA:71,1
DA:72,42
DA:73,42
DA:74,1
DA:75,1
DA:76,6
DA:77,6
DA:78,1
LF:78
LH:78
BRDA:3,0,0,25
BRDA:16,1,0,27
BRDA:17,2,0,1
BRDA:20,3,0,26
BRDA:21,4,0,1
BRDA:26,5,0,2
BRDA:27,6,0,1
BRDA:34,7,0,1
BRDA:38,8,0,2
BRDA:43,9,0,8
BRDA:47,10,0,12
BRDA:51,11,0,5
BRDA:55,12,0,15
BRDA:59,13,0,24
BRDA:63,14,0,3
BRDA:67,15,0,17
BRDA:71,16,0,42
BRDA:75,17,0,6
BRDA:10,18,0,25
BRF:19
BRH:19
end_of_record
TN:
SF:src/domain/customer/events/customer-created.event.ts
FN:3,get
FN:7,CustomerCreatedEvent
FNF:2
FNH:2
FNDA:1,get
FNDA:1,CustomerCreatedEvent
DA:1,1
DA:2,1
DA:3,1
DA:4,1
DA:5,1
DA:6,1
DA:7,1
DA:8,1
DA:9,1
DA:10,1
DA:11,1
LF:11
LH:11
BRDA:3,0,0,1
BRDA:7,1,0,1
BRF:2
BRH:2
end_of_record
TN:
SF:src/domain/customer/events/handlers/log-log-1.handler.ts
FN:4,get
FN:5,handle
FNF:2
FNH:2
FNDA:1,get
FNDA:1,handle
DA:1,1
DA:2,1
DA:3,1
DA:4,1
DA:5,1
DA:6,1
DA:7,1
DA:8,1
LF:8
LH:8
BRDA:4,0,0,1
BRDA:5,1,0,1
BRF:2
BRH:2
end_of_record
TN:
SF:src/domain/customer/events/handlers/log-log-2.handler.ts
FN:4,get
FN:5,handle
FNF:2
FNH:2
FNDA:1,get
FNDA:1,handle
DA:1,1
DA:2,1
DA:3,1
DA:4,1
DA:5,1
DA:6,1
DA:7,1
DA:8,1
LF:8
LH:8
BRDA:4,0,0,1
BRDA:5,1,0,1
BRF:2
BRH:2
end_of_record
TN:
SF:src/domain/customer/factory/customer.factory.ts
FN:5,get
FN:6,create
FN:10,createWithAddress
FNF:3
FNH:3
FNDA:2,get
FNDA:1,create
FNDA:1,createWithAddress
DA:1,1
DA:2,1
DA:3,1
DA:4,1
DA:5,1
DA:6,1
DA:7,1
DA:8,1
DA:9,1
DA:10,1
DA:11,1
DA:12,1
DA:13,1
DA:14,1
DA:15,1
LF:15
LH:15
BRDA:5,0,0,2
BRDA:6,1,0,1
BRDA:10,2,0,1
BRF:3
BRH:3
end_of_record
TN:
SF:src/domain/customer/object-values/address/address.ov.ts
FN:1,get
FN:14,get street
FN:18,get number
FN:22,get city
FN:26,get zip
FN:30,getAddressPtBR
FN:7,Address
FNF:7
FNH:7
FNDA:15,get
FNDA:13,get street
FNDA:13,get number
FNDA:13,get city
FNDA:13,get zip
FNDA:1,getAddressPtBR
FNDA:15,Address
DA:1,1
DA:2,1
DA:3,1
DA:4,1
DA:5,1
DA:6,1
DA:7,1
DA:8,15
DA:9,15
DA:10,15
DA:11,15
DA:12,15
DA:13,1
DA:14,1
DA:15,13
DA:16,13
DA:17,1
DA:18,1
DA:19,13
DA:20,13
DA:21,1
DA:22,1
DA:23,13
DA:24,13
DA:25,1
DA:26,1
DA:27,13
DA:28,13
DA:29,1
DA:30,1
DA:31,1
DA:32,1
DA:33,1
LF:33
LH:33
BRDA:1,0,0,15
BRDA:14,1,0,13
BRDA:18,2,0,13
BRDA:22,3,0,13
BRDA:26,4,0,13
BRDA:30,5,0,1
BRDA:7,6,0,15
BRF:7
BRH:7
end_of_record
TN:
SF:src/domain/product/entity/ProductA/product.entity.ts
FN:3,get
FN:15,validate
FN:29,changeName
FN:34,changePrice
FN:39,get id
FN:43,get name
FN:47,get price
FN:8,ProductA
FNF:8
FNH:8
FNDA:23,get
FNDA:29,validate
FNDA:2,changeName
FNDA:4,changePrice
FNDA:21,get id
FNDA:22,get name
FNDA:25,get price
FNDA:23,ProductA
DA:1,1
DA:2,1
DA:3,1
DA:4,1
DA:5,1
DA:6,1
DA:7,1
DA:8,1
DA:9,23
DA:10,23
DA:11,23
DA:12,23
DA:13,23
DA:14,1
DA:15,1
DA:16,29
DA:17,1
DA:18,1
DA:19,28
DA:20,29
DA:21,1
DA:22,1
DA:23,27
DA:24,29
DA:25,1
DA:26,1
DA:27,29
DA:28,1
DA:29,1
DA:30,2
DA:31,2
DA:32,2
DA:33,1
DA:34,1
DA:35,4
DA:36,4
DA:37,4
DA:38,1
DA:39,1
DA:40,21
DA:41,21
DA:42,1
DA:43,1
DA:44,22
DA:45,22
DA:46,1
DA:47,1
DA:48,25
DA:49,25
DA:50,1
LF:50
LH:50
BRDA:3,0,0,23
BRDA:15,1,0,29
BRDA:16,2,0,1
BRDA:19,3,0,28
BRDA:20,4,0,1
BRDA:23,5,0,27
BRDA:24,6,0,1
BRDA:29,7,0,2
BRDA:34,8,0,4
BRDA:39,9,0,21
BRDA:43,10,0,22
BRDA:47,11,0,25
BRDA:8,12,0,23
BRF:13
BRH:13
end_of_record
TN:
SF:src/domain/product/entity/ProductB/product.entity.ts
FN:3,get
FN:15,validate
FN:29,changeName
FN:34,changePrice
FN:39,get id
FN:43,get name
FN:47,get price
FN:8,ProductB
FNF:8
FNH:6
FNDA:1,get
FNDA:1,validate
FNDA:0,changeName
FNDA:0,changePrice
FNDA:1,get id
FNDA:1,get name
FNDA:1,get price
FNDA:1,ProductB
DA:1,1
DA:2,1
DA:3,1
DA:4,1
DA:5,1
DA:6,1
DA:7,1
DA:8,1
DA:9,1
DA:10,1
DA:11,1
DA:12,1
DA:13,1
DA:14,1
DA:15,1
DA:16,1
DA:17,0
DA:18,0
DA:19,1
DA:20,1
DA:21,0
DA:22,0
DA:23,1
DA:24,1
DA:25,0
DA:26,0
DA:27,1
DA:28,1
DA:29,1
DA:30,0
DA:31,0
DA:32,0
DA:33,1
DA:34,1
DA:35,0
DA:36,0
DA:37,0
DA:38,1
DA:39,1
DA:40,1
DA:41,1
DA:42,1
DA:43,1
DA:44,1
DA:45,1
DA:46,1
DA:47,1
DA:48,1
DA:49,1
DA:50,1
LF:50
LH:38
BRDA:3,0,0,1
BRDA:15,1,0,1
BRDA:16,2,0,0
BRDA:20,3,0,0
BRDA:24,4,0,0
BRDA:39,5,0,1
BRDA:43,6,0,1
BRDA:47,7,0,1
BRDA:8,8,0,1
BRF:9
BRH:6
end_of_record
TN:
SF:src/domain/product/events/product-created.event.ts
FN:3,get
FN:7,ProductCreatedEvent
FNF:2
FNH:2
FNDA:1,get
FNDA:1,ProductCreatedEvent
DA:1,1
DA:2,1
DA:3,1
DA:4,1
DA:5,1
DA:6,1
DA:7,1
DA:8,1
DA:9,1
DA:10,1
DA:11,1
LF:11
LH:11
BRDA:3,0,0,1
BRDA:7,1,0,1
BRF:2
BRH:2
end_of_record
TN:
SF:src/domain/product/events/handlers/send-email-when-product-created.handler.ts
FN:4,get
FN:7,handle
FNF:2
FNH:2
FNDA:4,get
FNDA:1,handle
DA:1,1
DA:2,1
DA:3,1
DA:4,1
DA:5,1
DA:6,1
DA:7,1
DA:8,1
DA:9,1
DA:10,1
LF:10
LH:10
BRDA:4,0,0,4
BRDA:7,1,0,1
BRF:2
BRH:2
end_of_record
TN:
SF:src/domain/product/factory/product.factory.ts
FN:5,get
FN:6,create
FNF:2
FNH:2
FNDA:3,get
FNDA:3,create
DA:1,1
DA:2,1
DA:3,1
DA:4,1
DA:5,1
DA:6,1
DA:7,3
DA:8,3
DA:9,1
DA:10,3
DA:11,1
DA:12,3
DA:13,1
DA:14,3
DA:15,3
DA:16,1
LF:16
LH:16
BRDA:5,0,0,3
BRDA:6,1,0,3
BRDA:8,2,0,1
BRDA:10,3,0,1
BRDA:12,4,0,1
BRF:5
BRH:5
end_of_record
TN:
SF:src/domain/product/services/product.service.ts
FN:3,get
FN:4,increasePrice
FNF:2
FNH:2
FNDA:1,get
FNDA:1,increasePrice
DA:1,1
DA:2,1
DA:3,1
DA:4,1
DA:5,1
DA:6,2
DA:7,1
DA:8,1
DA:9,1
DA:10,1
DA:11,1
LF:11
LH:11
BRDA:3,0,0,1
BRDA:4,1,0,1
BRDA:5,2,0,2
BRF:3
BRH:3
end_of_record
TN:
SF:src/infra/customer/sequelize/model/costumer.model.ts
FN:7,get
FNF:1
FNH:1
FNDA:51,get
DA:1,1
DA:2,1
DA:3,1
DA:4,1
DA:5,1
DA:6,1
DA:7,1
DA:8,1
DA:9,1
DA:10,1
DA:11,1
DA:12,1
DA:13,1
DA:14,1
DA:15,1
DA:16,1
DA:17,1
DA:18,1
DA:19,1
DA:20,1
DA:21,1
DA:22,1
DA:23,1
DA:24,1
DA:25,1
DA:26,1
DA:27,1
DA:28,1
DA:29,1
DA:30,1
DA:31,1
DA:32,1
DA:33,1
DA:34,1
DA:35,1
DA:36,1
DA:37,1
DA:38,1
DA:39,1
DA:40,1
DA:41,1
DA:42,1
DA:43,1
DA:44,1
DA:45,1
DA:46,1
LF:46
LH:46
BRDA:7,0,0,51
BRF:1
BRH:1
end_of_record
TN:
SF:src/infra/customer/sequelize/repository/customer.repository.ts
FN:6,get
FN:7,create
FN:20,update
FN:40,find
FN:68,findAll
FNF:5
FNH:5
FNDA:9,get
FNDA:9,create
FNDA:1,update
FNDA:2,find
FNDA:1,findAll
DA:1,1
DA:2,1
DA:3,1
DA:4,1
DA:5,1
DA:6,1
DA:7,1
DA:8,9
DA:9,9
DA:10,9
DA:11,9
DA:12,9
DA:13,9
DA:14,9
DA:15,9
DA:16,9
DA:17,9
DA:18,9
DA:19,1
DA:20,1
DA:21,1
DA:22,1
DA:23,1
DA:24,1
DA:25,1
DA:26,1
DA:27,1
DA:28,1
DA:29,1
DA:30,1
DA:31,1
DA:32,1
DA:33,1
DA:34,1
DA:35,1
DA:36,1
DA:37,1
DA:38,1
DA:39,1
DA:40,1
DA:41,2
DA:42,2
DA:43,2
DA:44,2
DA:45,2
DA:46,2
DA:47,2
DA:48,2
DA:49,2
DA:50,1
DA:51,1
DA:52,1
DA:53,1
DA:54,1
DA:55,1
DA:56,1
DA:57,1
DA:58,1
DA:59,1
DA:60,1
DA:61,1
DA:62,1
DA:63,1
DA:64,1
DA:65,1
DA:66,1
DA:67,1
DA:68,1
DA:69,1
DA:70,1
DA:71,1
DA:72,2
DA:73,2
DA:74,2
DA:75,2
DA:76,2
DA:77,2
DA:78,2
DA:79,2
DA:80,2
DA:81,2
DA:82,2
DA:83,2
DA:84,2
DA:85,0
DA:86,0
DA:87,2
DA:88,2
DA:89,1
DA:90,1
DA:91,1
DA:92,1
DA:93,1
LF:93
LH:91
BRDA:6,0,0,9
BRDA:7,1,0,9
BRDA:20,2,0,1
BRDA:40,3,0,2
BRDA:50,4,0,1
BRDA:68,5,0,1
BRDA:71,6,0,2
BRDA:84,7,0,0
BRF:8
BRH:7
end_of_record
TN:
SF:src/infra/order/sequelize/model/order-item.model.ts
FN:17,get
FNF:1
FNH:1
FNDA:33,get
DA:1,1
DA:2,1
DA:3,1
DA:4,1
DA:5,1
DA:6,1
DA:7,1
DA:8,1
DA:9,1
DA:10,1
DA:11,1
DA:12,1
DA:13,1
DA:14,1
DA:15,1
DA:16,1
DA:17,1
DA:18,1
DA:19,1
DA:20,1
DA:21,1
DA:22,1
DA:23,1
DA:24,1
DA:25,1
DA:26,1
DA:27,1
DA:28,1
DA:29,1
DA:30,1
DA:31,1
DA:32,1
DA:33,1
DA:34,1
DA:35,1
DA:36,1
DA:37,1
DA:38,1
DA:39,1
DA:40,1
DA:41,1
DA:42,1
DA:43,1
DA:44,1
DA:45,1
DA:46,1
DA:47,1
DA:48,1
DA:49,1
DA:50,1
LF:50
LH:50
BRDA:34,0,0,0
BRDA:17,1,0,33
BRDA:22,2,0,25
BRDA:26,3,0,10
BRDA:29,4,0,10
BRDA:33,5,0,10
BRF:6
BRH:5
end_of_record
TN:
SF:src/infra/order/sequelize/model/order.model.ts
FN:18,get
FNF:1
FNH:1
FNDA:39,get
DA:1,1
DA:2,1
DA:3,1
DA:4,1
DA:5,1
DA:6,1
DA:7,1
DA:8,1
DA:9,1
DA:10,1
DA:11,1
DA:12,1
DA:13,1
DA:14,1
DA:15,1
DA:16,1
DA:17,1
DA:18,1
DA:19,1
DA:20,1
DA:21,1
DA:22,1
DA:23,1
DA:24,1
DA:25,1
DA:26,1
DA:27,1
DA:28,1
DA:29,1
DA:30,1
DA:31,1
DA:32,1
DA:33,1
DA:34,1
DA:35,1
DA:36,1
DA:37,1
LF:37
LH:37
BRDA:18,0,0,39
BRDA:23,1,0,5
BRDA:27,2,0,18
BRDA:30,3,0,18
BRF:4
BRH:4
end_of_record
TN:
SF:src/infra/order/sequelize/repository/order.repository.ts
FN:7,get
FN:8,create
FN:29,update
FN:56,find
FN:89,findAll
FNF:5
FNH:5
FNDA:5,get
FNDA:5,create
FNDA:1,update
FNDA:2,find
FNDA:1,findAll
DA:1,1
DA:2,1
DA:3,1
DA:4,1
DA:5,1
DA:6,1
DA:7,1
DA:8,1
DA:9,5
DA:10,5
DA:11,5
DA:12,5
DA:13,5
DA:14,5
DA:15,5
DA:16,5
DA:17,5
DA:18,5
DA:19,5
DA:20,5
DA:21,5
DA:22,5
DA:23,5
DA:24,5
DA:25,5
DA:26,5
DA:27,5
DA:28,1
DA:29,1
DA:30,1
DA:31,1
DA:32,1
DA:33,1
DA:34,1
DA:35,1
DA:36,1
DA:37,1
DA:38,1
DA:39,2
DA:40,2
DA:41,2
DA:42,2
DA:43,2
DA:44,2
DA:45,1
DA:46,1
DA:47,1
DA:48,1
DA:49,1
DA:50,1
DA:51,1
DA:52,1
DA:53,1
DA:54,1
DA:55,1
DA:56,1
DA:57,2
DA:58,2
DA:59,2
DA:60,2
DA:61,2
DA:62,2
DA:63,2
DA:64,2
DA:65,2
DA:66,2
DA:67,1
DA:68,1
DA:69,1
DA:70,1
DA:71,1
DA:72,1
DA:73,1
DA:74,1
DA:75,1
DA:76,1
DA:77,1
DA:78,1
DA:79,1
DA:80,1
DA:81,1
DA:82,1
DA:83,1
DA:84,1
DA:85,1
DA:86,1
DA:87,1
DA:88,1
DA:89,1
DA:90,1
DA:91,1
DA:92,1
DA:93,1
DA:94,1
DA:95,2
DA:96,2
DA:97,2
DA:98,2
DA:99,2
DA:100,2
DA:101,2
DA:102,2
DA:103,2
DA:104,2
DA:105,2
DA:106,2
DA:107,2
DA:108,2
DA:109,2
DA:110,2
DA:111,1
DA:112,1
DA:113,1
DA:114,1
DA:115,1
LF:115
LH:115
BRDA:7,0,0,5
BRDA:8,1,0,5
BRDA:14,2,0,5
BRDA:29,3,0,1
BRDA:32,4,0,1
BRDA:38,5,0,2
BRDA:56,6,0,2
BRDA:67,7,0,1
BRDA:75,8,0,1
BRDA:89,9,0,1
BRDA:94,10,0,2
BRDA:99,11,0,2
BRF:12
BRH:12
end_of_record
TN:
SF:src/infra/product/sequelize/model/product.model.ts
FN:7,get
FNF:1
FNH:1
FNDA:62,get
DA:1,1
DA:2,1
DA:3,1
DA:4,1
DA:5,1
DA:6,1
DA:7,1
DA:8,1
DA:9,1
DA:10,1
DA:11,1
DA:12,1
DA:13,1
DA:14,1
DA:15,1
DA:16,1
DA:17,1
DA:18,1
DA:19,1
DA:20,1
DA:21,1
LF:21
LH:21
BRDA:7,0,0,62
BRF:1
BRH:1
end_of_record
TN:
SF:src/infra/product/sequelize/repository/product.repository.ts
FN:5,get
FN:6,create
FN:14,update
FN:28,find
FN:38,findAll
FNF:5
FNH:5
FNDA:8,get
FNDA:9,create
FNDA:1,update
FNDA:1,find
FNDA:1,findAll
DA:1,1
DA:2,1
DA:3,1
DA:4,1
DA:5,1
DA:6,1
DA:7,9
DA:8,9
DA:9,9
DA:10,9
DA:11,9
DA:12,9
DA:13,1
DA:14,1
DA:15,1
DA:16,1
DA:17,1
DA:18,1
DA:19,1
DA:20,1
DA:21,1
DA:22,1
DA:23,1
DA:24,1
DA:25,1
DA:26,1
DA:27,1
DA:28,1
DA:29,1
DA:30,1
DA:31,1
DA:32,1
DA:33,1
DA:34,1
DA:35,1
DA:36,1
DA:37,1
DA:38,1
DA:39,1
DA:40,1
DA:41,1
DA:42,1
DA:43,1
DA:44,1
DA:45,1
LF:45
LH:45
BRDA:5,0,0,8
BRDA:6,1,0,9
BRDA:14,2,0,1
BRDA:28,3,0,1
BRDA:38,4,0,1
BRDA:42,5,0,2
BRF:6
BRH:6
end_of_record
